<?xml version="1.0" encoding="UTF-8"?>
<testng-results skipped="0" failed="0" total="1" passed="1">
  <reporter-output>
  </reporter-output>
  <suite name="com.selenium.automation.helloworldTest" duration-ms="16" started-at="2018-08-21T04:37:34Z" finished-at="2018-08-21T04:37:34Z">
    <groups>
    </groups>
    <test name="Command line test" duration-ms="16" started-at="2018-08-21T04:37:34Z" finished-at="2018-08-21T04:37:34Z">
      <class name="com.selenium.automation.helloworldTest">
        <test-method status="PASS" signature="test()[pri:0, instance:com.selenium.automation.helloworldTest@6cd8737]" name="test" duration-ms="6" started-at="2018-08-21T14:37:34Z" finished-at="2018-08-21T14:37:34Z">
          <reporter-output>
          </reporter-output>
        </test-method> <!-- test -->
      </class> <!-- com.selenium.automation.helloworldTest -->
    </test> <!-- Command line test -->
  </suite> <!-- com.selenium.automation.helloworldTest -->
</testng-results>
