<?xml version="1.0" encoding="UTF-8"?>
<testng-results skipped="0" failed="0" ignored="0" total="1" passed="1">
  <reporter-output>
  </reporter-output>
  <suite name="Suite" duration-ms="38" started-at="2018-08-21T03:51:19Z" finished-at="2018-08-21T03:51:19Z">
    <groups>
    </groups>
    <test name="Test" duration-ms="38" started-at="2018-08-21T03:51:19Z" finished-at="2018-08-21T03:51:19Z">
      <class name="com.selenium.automation.helloworld">
        <test-method status="PASS" signature="test()[pri:0, instance:com.selenium.automation.helloworld@51081592]" name="test" duration-ms="12" started-at="2018-08-21T03:51:19Z" finished-at="2018-08-21T03:51:19Z">
          <reporter-output>
          </reporter-output>
        </test-method> <!-- test -->
      </class> <!-- com.selenium.automation.helloworld -->
    </test> <!-- Test -->
  </suite> <!-- Suite -->
</testng-results>
